<?xml version="1.0" encoding="UTF-8"?>
<testng-results ignored="0" total="2" passed="2" failed="0" skipped="0">
  <reporter-output>
  </reporter-output>
  <suite started-at="2021-06-25T21:41:39 EDT" name="Default suite" finished-at="2021-06-25T21:41:58 EDT" duration-ms="19520">
    <groups>
    </groups>
    <test started-at="2021-06-25T21:41:39 EDT" name="Default test" finished-at="2021-06-25T21:41:58 EDT" duration-ms="19520">
      <class name="harman.Class2">
        <test-method is-config="true" signature="setUpClass()[pri:0, instance:harman.Class2@4da4253]" started-at="2021-06-25T21:41:39 EDT" name="setUpClass" finished-at="2021-06-25T21:41:39 EDT" duration-ms="8" status="PASS">
          <reporter-output>
          </reporter-output>
        </test-method> <!-- setUpClass -->
        <test-method signature="buttons()[pri:0, instance:harman.Class2@4da4253]" started-at="2021-06-25T21:41:39 EDT" name="buttons" finished-at="2021-06-25T21:41:49 EDT" duration-ms="10516" status="PASS">
          <reporter-output>
          </reporter-output>
        </test-method> <!-- buttons -->
        <test-method signature="imagess()[pri:0, instance:harman.Class2@4da4253]" started-at="2021-06-25T21:41:49 EDT" name="imagess" finished-at="2021-06-25T21:41:58 EDT" duration-ms="8961" status="PASS">
          <reporter-output>
          </reporter-output>
        </test-method> <!-- imagess -->
      </class> <!-- harman.Class2 -->
    </test> <!-- Default test -->
  </suite> <!-- Default suite -->
</testng-results>
